Sending reminder emails...
orange
Recipient: shrisharanyan.vasu@gmail.com
Subject: Deadline approaching
Body: Reminder: 
The deadline for the note 'orange' is approaching.
Please take necessary actions.
Email send?
Sending reminder emails...
orange
Recipient: shrisharanyan.vasu@gmail.com
Subject: Deadline approaching
Body: Reminder: 
The deadline for the note 'orange' is approaching.
Please take necessary actions.
Email send?
Sending reminder emails...
orange
Recipient: shrisharanyan.vasu@gmail.com
Subject: Deadline approaching
Body: Reminder: 
The deadline for the note 'orange' is approaching.
Please take necessary actions.
Email send?
Note blabla
Recipient: shrisharanyan.vasu@gmail.com
Subject: Deadline approaching
Body: Reminder: 
The deadline for the note 'Note blabla' is approaching.
Please take necessary actions.
Email send?
orange
Recipient: shrisharanyan.vasu@gmail.com
Subject: Deadline approaching
Body: Reminder: 
The deadline for the note 'orange' is approaching.
Please take necessary actions.
Email send?
Note blabla
Recipient: shrisharanyan.vasu@gmail.com
Subject: Deadline approaching
Body: Reminder: 
The deadline for the note 'Note blabla' is approaching.
Please take necessary actions.
Email send?
Sending reminder emails...
orange
Recipient: shrisharanyan.vasu@gmail.com
Subject: Deadline approaching
Body: Reminder: 
The deadline for the note 'orange' is approaching.
Please take necessary actions.
Email send?
Note blabla
Recipient: shrisharanyan.vasu@gmail.com
Subject: Deadline approaching
Body: Reminder: 
The deadline for the note 'Note blabla' is approaching.
Please take necessary actions.
Email send?
orange
Recipient: shrisharanyan.vasu@gmail.com
Subject: Deadline approaching
Body: Reminder: 
The deadline for the note 'orange' is approaching.
Please take necessary actions.
Email send?
Note blabla
Recipient: shrisharanyan.vasu@gmail.com
Subject: Deadline approaching
Body: Reminder: 
The deadline for the note 'Note blabla' is approaching.
Please take necessary actions.
Email send?
Sending reminder emails...
orange
Recipient: shrisharanyan.vasu@gmail.com
Subject: Deadline approaching
Body: Reminder: 
The deadline for the note 'orange' is approaching.
Please take necessary actions.
'bool' object has no attribute 'encode'
Email send?
Note blabla
Recipient: shrisharanyan.vasu@gmail.com
Subject: Deadline approaching
Body: Reminder: 
The deadline for the note 'Note blabla' is approaching.
Please take necessary actions.
'bool' object has no attribute 'encode'
Email send?
orange
Recipient: shrisharanyan.vasu@gmail.com
Subject: Deadline approaching
Body: Reminder: 
The deadline for the note 'orange' is approaching.
Please take necessary actions.
'bool' object has no attribute 'encode'
Email send?
Note blabla
Recipient: shrisharanyan.vasu@gmail.com
Subject: Deadline approaching
Body: Reminder: 
The deadline for the note 'Note blabla' is approaching.
Please take necessary actions.
'bool' object has no attribute 'encode'
Email send?
Sending reminder emails...
orange
Recipient: shrisharanyan.vasu@gmail.com
Subject: Deadline approaching
Body: Reminder: 
The deadline for the note 'orange' is approaching.
Please take necessary actions.
'bool' object has no attribute 'encode'
Email send?
Note blabla
Recipient: shrisharanyan.vasu@gmail.com
Subject: Deadline approaching
Body: Reminder: 
The deadline for the note 'Note blabla' is approaching.
Please take necessary actions.
'bool' object has no attribute 'encode'
Email send?
orange
Recipient: shrisharanyan.vasu@gmail.com
Subject: Deadline approaching
Body: Reminder: 
The deadline for the note 'orange' is approaching.
Please take necessary actions.
'bool' object has no attribute 'encode'
Email send?
Note blabla
Recipient: shrisharanyan.vasu@gmail.com
Subject: Deadline approaching
Body: Reminder: 
The deadline for the note 'Note blabla' is approaching.
Please take necessary actions.
'bool' object has no attribute 'encode'
Email send?
Sending reminder emails...
orange
Recipient: shrisharanyan.vasu@gmail.com
Subject: Deadline approaching
Body: Reminder: 
The deadline for the note 'orange' is approaching.
Please take necessary actions.
'bool' object has no attribute 'encode'
Email send?
Note blabla
Recipient: shrisharanyan.vasu@gmail.com
Subject: Deadline approaching
Body: Reminder: 
The deadline for the note 'Note blabla' is approaching.
Please take necessary actions.
'bool' object has no attribute 'encode'
Email send?
orange
Recipient: shrisharanyan.vasu@gmail.com
Subject: Deadline approaching
Body: Reminder: 
The deadline for the note 'orange' is approaching.
Please take necessary actions.
'bool' object has no attribute 'encode'
Email send?
Note blabla
Recipient: shrisharanyan.vasu@gmail.com
Subject: Deadline approaching
Body: Reminder: 
The deadline for the note 'Note blabla' is approaching.
Please take necessary actions.
'bool' object has no attribute 'encode'
Email send?
Sending reminder emails...
orange
Recipient: shrisharanyan.vasu@gmail.com
Subject: Deadline approaching
Body: Reminder: 
The deadline for the note 'orange' is approaching.
Please take necessary actions.
Email send?
Note blabla
Recipient: shrisharanyan.vasu@gmail.com
Subject: Deadline approaching
Body: Reminder: 
The deadline for the note 'Note blabla' is approaching.
Please take necessary actions.
Email send?
orange
Recipient: shrisharanyan.vasu@gmail.com
Subject: Deadline approaching
Body: Reminder: 
The deadline for the note 'orange' is approaching.
Please take necessary actions.
Email send?
Note blabla
Recipient: shrisharanyan.vasu@gmail.com
Subject: Deadline approaching
Body: Reminder: 
The deadline for the note 'Note blabla' is approaching.
Please take necessary actions.
Email send?
Sending reminder emails...
orange
Recipient: shrisharanyan.vasu@gmail.com
Subject: Deadline approaching
Body: Reminder: 
The deadline for the note 'orange' is approaching.
Please take necessary actions.
Email send?
Note blabla
Recipient: shrisharanyan.vasu@gmail.com
Subject: Deadline approaching
Body: Reminder: 
The deadline for the note 'Note blabla' is approaching.
Please take necessary actions.
Email send?
orange
Recipient: shrisharanyan.vasu@gmail.com
Subject: Deadline approaching
Body: Reminder: 
The deadline for the note 'orange' is approaching.
Please take necessary actions.
Email send?
Note blabla
Recipient: shrisharanyan.vasu@gmail.com
Subject: Deadline approaching
Body: Reminder: 
The deadline for the note 'Note blabla' is approaching.
Please take necessary actions.
Email send?
Sending reminder emails...
orange
Recipient: shrisharanyan.vasu@gmail.com
Subject: Deadline approaching
Body: Reminder: 
The deadline for the note 'orange' is approaching.
Please take necessary actions.
Email send?
Note blabla
Recipient: shrisharanyan.vasu@gmail.com
Subject: Deadline approaching
Body: Reminder: 
The deadline for the note 'Note blabla' is approaching.
Please take necessary actions.
Email send?
orange
Recipient: shrisharanyan.vasu@gmail.com
Subject: Deadline approaching
Body: Reminder: 
The deadline for the note 'orange' is approaching.
Please take necessary actions.
Email send?
Note blabla
Recipient: shrisharanyan.vasu@gmail.com
Subject: Deadline approaching
Body: Reminder: 
The deadline for the note 'Note blabla' is approaching.
Please take necessary actions.
Email send?
Sending reminder emails...
orange
Recipient: shrisharanyan.vasu@gmail.com
Subject: Deadline approaching
Body: Reminder: 
The deadline for the note 'orange' is approaching.
Please take necessary actions.
Email send?
Note blabla
Recipient: shrisharanyan.vasu@gmail.com
Subject: Deadline approaching
Body: Reminder: 
The deadline for the note 'Note blabla' is approaching.
Please take necessary actions.
Email send?
orange
Recipient: shrisharanyan.vasu@gmail.com
Subject: Deadline approaching
Body: Reminder: 
The deadline for the note 'orange' is approaching.
Please take necessary actions.
Email send?
Note blabla
Recipient: shrisharanyan.vasu@gmail.com
Subject: Deadline approaching
Body: Reminder: 
The deadline for the note 'Note blabla' is approaching.
Please take necessary actions.
Email send?
Sending reminder emails...
orange
Recipient: shrisharanyan.vasu@gmail.com
Subject: Deadline approaching
Body: Reminder: 
The deadline for the note 'orange' is approaching.
Please take necessary actions.
Email send?
Note blabla
Recipient: shrisharanyan.vasu@gmail.com
Subject: Deadline approaching
Body: Reminder: 
The deadline for the note 'Note blabla' is approaching.
Please take necessary actions.
Email send?
orange
Recipient: shrisharanyan.vasu@gmail.com
Subject: Deadline approaching
Body: Reminder: 
The deadline for the note 'orange' is approaching.
Please take necessary actions.
Email send?
Note blabla
Recipient: shrisharanyan.vasu@gmail.com
Subject: Deadline approaching
Body: Reminder: 
The deadline for the note 'Note blabla' is approaching.
Please take necessary actions.
Email send?
Sending reminder emails...
orange
Recipient: shrisharanyan.vasu@gmail.com
Subject: Deadline approaching
Body: Reminder: 
The deadline for the note 'orange' is approaching.
Please take necessary actions.
'bool' object has no attribute 'encode'
Email send?
Note blabla
Recipient: shrisharanyan.vasu@gmail.com
Subject: Deadline approaching
Body: Reminder: 
The deadline for the note 'Note blabla' is approaching.
Please take necessary actions.
'bool' object has no attribute 'encode'
Email send?
orange
Recipient: shrisharanyan.vasu@gmail.com
Subject: Deadline approaching
Body: Reminder: 
The deadline for the note 'orange' is approaching.
Please take necessary actions.
'bool' object has no attribute 'encode'
Email send?
Note blabla
Recipient: shrisharanyan.vasu@gmail.com
Subject: Deadline approaching
Body: Reminder: 
The deadline for the note 'Note blabla' is approaching.
Please take necessary actions.
'bool' object has no attribute 'encode'
Email send?
Sending reminder emails...
orange
Recipient: shrisharanyan.vasu@gmail.com
Subject: Deadline approaching
Body: Reminder: 
The deadline for the note 'orange' is approaching.
Please take necessary actions.
'bool' object has no attribute 'encode'
Email send?
Note blabla
Recipient: shrisharanyan.vasu@gmail.com
Subject: Deadline approaching
Body: Reminder: 
The deadline for the note 'Note blabla' is approaching.
Please take necessary actions.
'bool' object has no attribute 'encode'
Email send?
orange
Recipient: shrisharanyan.vasu@gmail.com
Subject: Deadline approaching
Body: Reminder: 
The deadline for the note 'orange' is approaching.
Please take necessary actions.
'bool' object has no attribute 'encode'
Email send?
Note blabla
Recipient: shrisharanyan.vasu@gmail.com
Subject: Deadline approaching
Body: Reminder: 
The deadline for the note 'Note blabla' is approaching.
Please take necessary actions.
'bool' object has no attribute 'encode'
Email send?
